Log file open, 05/01/21 15:04:37
LogInit: Display: Running engine for game: FPSMultiplayer
LogPlatformFile: Not using cached read wrapper
LogTaskGraph: Started task graph with 5 named threads and 47 total threads with 3 sets of task threads.
LogStats: Stats thread started at 0.151214
LogD3D11RHI: Loaded GFSDK_Aftermath_Lib.x64.dll
LogICUInternationalization: ICU TimeZone Detection - Raw Offset: -5:00, Platform Override: ''
LogPluginManager: Mounting plugin Paper2D
LogPluginManager: Mounting plugin AISupport
LogPluginManager: Mounting plugin LightPropagationVolume
LogPluginManager: Mounting plugin CameraShakePreviewer
LogPluginManager: Mounting plugin ActorLayerUtilities
LogPluginManager: Mounting plugin AnimationSharing
LogPluginManager: Mounting plugin CLionSourceCodeAccess
LogPluginManager: Mounting plugin CodeLiteSourceCodeAccess
LogPluginManager: Mounting plugin GitSourceControl
LogPluginManager: Mounting plugin KDevelopSourceCodeAccess
LogPluginManager: Mounting plugin NullSourceCodeAccess
LogPluginManager: Mounting plugin PerforceSourceControl
LogPluginManager: Mounting plugin PlasticSourceControl
LogPluginManager: Mounting plugin RiderSourceCodeAccess
LogPluginManager: Mounting plugin SubversionSourceControl
LogPluginManager: Mounting plugin UObjectPlugin
LogPluginManager: Mounting plugin VisualStudioCodeSourceCodeAccess
LogPluginManager: Mounting plugin VisualStudioSourceCodeAccess
LogPluginManager: Mounting plugin XCodeSourceCodeAccess
LogPluginManager: Mounting plugin AssetManagerEditor
LogPluginManager: Mounting plugin CryptoKeys
LogPluginManager: Mounting plugin CurveEditorTools
LogPluginManager: Mounting plugin DataValidation
LogPluginManager: Mounting plugin EditorScriptingUtilities
LogPluginManager: Mounting plugin FacialAnimation
LogPluginManager: Mounting plugin GameplayTagsEditor
LogPluginManager: Mounting plugin GeometryMode
LogPluginManager: Mounting plugin MacGraphicsSwitching
LogPluginManager: Mounting plugin MaterialAnalyzer
LogPluginManager: Mounting plugin MobileLauncherProfileWizard
LogPluginManager: Mounting plugin PluginBrowser
LogPluginManager: Mounting plugin SpeedTreeImporter
LogPluginManager: Mounting plugin DatasmithContent
LogPluginManager: Mounting plugin VariantManagerContent
LogPluginManager: Mounting plugin AlembicImporter
LogPluginManager: Mounting plugin AutomationUtils
LogPluginManager: Mounting plugin BackChannel
LogPluginManager: Mounting plugin ChaosCloth
LogPluginManager: Mounting plugin ChaosClothEditor
LogPluginManager: Mounting plugin ChaosEditor
LogPluginManager: Mounting plugin ChaosNiagara
LogPluginManager: Mounting plugin ChaosSolverPlugin
LogPluginManager: Mounting plugin CharacterAI
LogPluginManager: Mounting plugin GeometryCache
LogPluginManager: Mounting plugin GeometryCollectionPlugin
LogPluginManager: Mounting plugin GeometryProcessing
LogPluginManager: Mounting plugin PlanarCut
LogPluginManager: Mounting plugin PlatformCrypto
LogPluginManager: Mounting plugin ProxyLODPlugin
LogPluginManager: Mounting plugin SkeletalReduction
LogPluginManager: Mounting plugin Niagara
LogPluginManager: Mounting plugin MagicLeap
LogPluginManager: Mounting plugin MagicLeapLightEstimation
LogPluginManager: Mounting plugin MagicLeapMedia
LogPluginManager: Mounting plugin MagicLeapPassableWorld
LogPluginManager: Mounting plugin MLSDK
LogPluginManager: Mounting plugin AndroidMedia
LogPluginManager: Mounting plugin AvfMedia
LogPluginManager: Mounting plugin ImgMedia
LogPluginManager: Mounting plugin MediaCompositing
LogPluginManager: Mounting plugin MediaPlayerEditor
LogPluginManager: Mounting plugin WebMMedia
LogPluginManager: Mounting plugin WmfMedia
LogPluginManager: Mounting plugin MeshPainting
LogPluginManager: Mounting plugin TcpMessaging
LogPluginManager: Mounting plugin UdpMessaging
LogPluginManager: Mounting plugin ActorSequence
LogPluginManager: Mounting plugin LevelSequenceEditor
LogPluginManager: Mounting plugin MatineeToLevelSequence
LogPluginManager: Mounting plugin MovieRenderPipeline
LogPluginManager: Mounting plugin TemplateSequence
LogPluginManager: Mounting plugin NetcodeUnitTest
LogPluginManager: Mounting plugin NUTUnrealEngine4
LogPluginManager: Mounting plugin OnlineSubsystemGooglePlay
LogPluginManager: Mounting plugin OnlineSubsystemIOS
LogPluginManager: Mounting plugin OnlineSubsystem
LogPluginManager: Mounting plugin OnlineSubsystemNull
LogPluginManager: Mounting plugin OnlineSubsystemSteam
LogPluginManager: Mounting plugin OnlineSubsystemUtils
LogPluginManager: Mounting plugin LauncherChunkInstaller
LogPluginManager: Mounting plugin AndroidDeviceProfileSelector
LogPluginManager: Mounting plugin AndroidMoviePlayer
LogPluginManager: Mounting plugin AndroidPermission
LogPluginManager: Mounting plugin AppleImageUtils
LogPluginManager: Mounting plugin AppleMoviePlayer
LogPluginManager: Mounting plugin ArchVisCharacter
LogPluginManager: Mounting plugin AssetTags
LogPluginManager: Mounting plugin AudioCapture
LogPluginManager: Mounting plugin CableComponent
LogPluginManager: Mounting plugin CustomMeshComponent
LogPluginManager: Mounting plugin EditableMesh
LogPluginManager: Mounting plugin ExampleDeviceProfileSelector
LogPluginManager: Mounting plugin GoogleCloudMessaging
LogPluginManager: Mounting plugin GooglePAD
LogPluginManager: Mounting plugin IOSDeviceProfileSelector
LogPluginManager: Mounting plugin LinuxDeviceProfileSelector
LogPluginManager: Mounting plugin LocationServicesBPLibrary
LogPluginManager: Mounting plugin MobilePatchingUtils
LogPluginManager: Mounting plugin OculusVR
LogPluginManager: Mounting plugin PhysXVehicles
LogPluginManager: Mounting plugin PostSplashScreen
LogPluginManager: Mounting plugin ProceduralMeshComponent
LogPluginManager: Mounting plugin RuntimePhysXCooking
LogPluginManager: Mounting plugin SignificanceManager
LogPluginManager: Mounting plugin SoundFields
LogPluginManager: Mounting plugin SteamShared
LogPluginManager: Mounting plugin SteamVR
LogPluginManager: Mounting plugin Synthesis
LogPluginManager: Mounting plugin WebMMoviePlayer
LogPluginManager: Mounting plugin WindowsMoviePlayer
LogPluginManager: Mounting plugin ScreenshotTools
LogInit: Using libcurl 7.55.1-DEV
LogInit:  - built for x86_64-pc-win32
LogInit:  - supports SSL with OpenSSL/1.1.1
LogInit:  - supports HTTP deflate (compression) using libz 1.2.8
LogInit:  - other features:
LogInit:      CURL_VERSION_SSL
LogInit:      CURL_VERSION_LIBZ
LogInit:      CURL_VERSION_IPV6
LogInit:      CURL_VERSION_ASYNCHDNS
LogInit:      CURL_VERSION_LARGEFILE
LogInit:      CURL_VERSION_IDN
LogInit:  CurlRequestOptions (configurable via config and command line):
LogInit:  - bVerifyPeer = true  - Libcurl will verify peer certificate
LogInit:  - bUseHttpProxy = false  - Libcurl will NOT use HTTP proxy
LogInit:  - bDontReuseConnections = false  - Libcurl will reuse connections
LogInit:  - MaxHostConnections = 16  - Libcurl will limit the number of connections to a host
LogInit:  - LocalHostAddr = Default
LogInit:  - BufferSize = 65536
LogSteamShared: Display: Loading Steam SDK 1.47
LogSteamShared: Steam SDK Loaded!
LogOnline: OSS: Creating online subsystem instance for: Steam
LogOnline: Display: STEAM: OnlineSubsystemSteam::Shutdown()
LogOnline: OSS: Unable to create OnlineSubsystem module Steam
LogOnline: OSS: Creating online subsystem instance for: NULL
LogInit: WinSock: version 1.1 (2.2), MaxSocks=32767, MaxUdp=65467
LogOnline: OSS: TryLoadSubsystemAndSetDefault: Loaded subsystem for module [NULL]
LogInit: Build: ++UE4+Release-4.25-CL-14469661
LogInit: Engine Version: 4.25.4-14469661+++UE4+Release-4.25
LogInit: Compatible Engine Version: 4.25.0-13144385+++UE4+Release-4.25
LogInit: Net CL: 13144385
LogInit: OS: Windows 10 (Release 2009) (), CPU: AMD Ryzen 7 5800X 8-Core Processor             , GPU: NVIDIA GeForce GTX 1070
LogInit: Compiled (64-bit): Oct 11 2020 08:10:49
LogInit: Compiled with Visual C++: 19.24.28315.00
LogInit: Build Configuration: Development
LogInit: Branch Name: ++UE4+Release-4.25
LogInit: Command Line: 
LogInit: Base Directory: D:/Unreal/UE_4.25/Engine/Binaries/Win64/
LogInit: Allocator: TBB
LogInit: Installed Engine Build: 1
LogDevObjectVersion: Number of dev versions registered: 26
LogDevObjectVersion:   Dev-Blueprints (B0D832E4-1F89-4F0D-ACCF-7EB736FD4AA2): 10
LogDevObjectVersion:   Dev-Build (E1C64328-A22C-4D53-A36C-8E866417BD8C): 0
LogDevObjectVersion:   Dev-Core (375EC13C-06E4-48FB-B500-84F0262A717E): 4
LogDevObjectVersion:   Dev-Editor (E4B068ED-F494-42E9-A231-DA0B2E46BB41): 38
LogDevObjectVersion:   Dev-Framework (CFFC743F-43B0-4480-9391-14DF171D2073): 37
LogDevObjectVersion:   Dev-Mobile (B02B49B5-BB20-44E9-A304-32B752E40360): 2
LogDevObjectVersion:   Dev-Networking (A4E4105C-59A1-49B5-A7C5-40C4547EDFEE): 0
LogDevObjectVersion:   Dev-Online (39C831C9-5AE6-47DC-9A44-9C173E1C8E7C): 0
LogDevObjectVersion:   Dev-Physics (78F01B33-EBEA-4F98-B9B4-84EACCB95AA2): 4
LogDevObjectVersion:   Dev-Platform (6631380F-2D4D-43E0-8009-CF276956A95A): 0
LogDevObjectVersion:   Dev-Rendering (12F88B9F-8875-4AFC-A67C-D90C383ABD29): 43
LogDevObjectVersion:   Dev-Sequencer (7B5AE74C-D270-4C10-A958-57980B212A5A): 12
LogDevObjectVersion:   Dev-VR (D7296918-1DD6-4BDD-9DE2-64A83CC13884): 3
LogDevObjectVersion:   Dev-LoadTimes (C2A15278-BFE7-4AFE-6C17-90FF531DF755): 1
LogDevObjectVersion:   Private-Geometry (6EACA3D4-40EC-4CC1-B786-8BED09428FC5): 3
LogDevObjectVersion:   Dev-AnimPhys (29E575DD-E0A3-4627-9D10-D276232CDCEA): 17
LogDevObjectVersion:   Dev-Anim (AF43A65D-7FD3-4947-9873-3E8ED9C1BB05): 7
LogDevObjectVersion:   Dev-ReflectionCapture (6B266CEC-1EC7-4B8F-A30B-E4D90942FC07): 1
LogDevObjectVersion:   Dev-Automation (0DF73D61-A23F-47EA-B727-89E90C41499A): 1
LogDevObjectVersion:   FortniteMain (601D1886-AC64-4F84-AA16-D3DE0DEAC7D6): 31
LogDevObjectVersion:   Dev-Enterprise (9DFFBCD6-494F-0158-E221-12823C92A888): 10
LogDevObjectVersion:   Dev-Niagara (F2AED0AC-9AFE-416F-8664-AA7FFA26D6FC): 1
LogDevObjectVersion:   Dev-Destruction (174F1F0B-B4C6-45A5-B13F-2EE8D0FB917D): 10
LogDevObjectVersion:   Dev-Physics-Ext (35F94A83-E258-406C-A318-09F59610247C): 37
LogDevObjectVersion:   Dev-PhysicsMaterial-Chaos (B68FC16E-8B1B-42E2-B453-215C058844FE): 1
LogDevObjectVersion:   Dev-CineCamera (B2E18506-4273-CFC2-A54E-F4BB758BBA07): 1
LogInit: Presizing for max 25165824 objects, including 0 objects not considered by GC, pre-allocating 0 bytes for permanent pool.
LogConfig: Applying CVar settings from Section [/Script/Engine.StreamingSettings] File [E:/desktop/Game Building/Level Design/3V3 Shooter/3V3-Shooter/Multiplayer Asset Pack/FPSMultiplayer/Saved/Config/Windows/Engine.ini]
LogConfig: Setting CVar [[s.MinBulkDataSizeForAsyncLoading:131072]]
LogConfig: Setting CVar [[s.AsyncLoadingThreadEnabled:0]]
LogConfig: Setting CVar [[s.EventDrivenLoaderEnabled:1]]
LogConfig: Setting CVar [[s.WarnIfTimeLimitExceeded:0]]
LogConfig: Setting CVar [[s.TimeLimitExceededMultiplier:1.5]]
LogConfig: Setting CVar [[s.TimeLimitExceededMinTime:0.005]]
LogConfig: Setting CVar [[s.UseBackgroundLevelStreaming:1]]
LogConfig: Setting CVar [[s.PriorityAsyncLoadingExtraTime:15.0]]
LogConfig: Setting CVar [[s.LevelStreamingActorsUpdateTimeLimit:5.0]]
LogConfig: Setting CVar [[s.PriorityLevelStreamingActorsUpdateExtraTime:5.0]]
LogConfig: Setting CVar [[s.LevelStreamingComponentsRegistrationGranularity:10]]
LogConfig: Setting CVar [[s.UnregisterComponentsTimeLimit:1.0]]
LogConfig: Setting CVar [[s.LevelStreamingComponentsUnregistrationGranularity:5]]
LogConfig: Setting CVar [[s.FlushStreamingOnExit:1]]
LogInit: Object subsystem initialized
LogConfig: Setting CVar [[con.DebugEarlyDefault:1]]
LogConfig: Setting CVar [[r.setres:1280x720]]
[2021.05.01-19.04.37:275][  0]LogConfig: Setting CVar [[r.VSync:0]]
[2021.05.01-19.04.37:275][  0]LogConfig: Setting CVar [[r.RHICmdBypass:0]]
[2021.05.01-19.04.37:275][  0]LogConfig: Applying CVar settings from Section [/Script/Engine.RendererSettings] File [E:/desktop/Game Building/Level Design/3V3 Shooter/3V3-Shooter/Multiplayer Asset Pack/FPSMultiplayer/Saved/Config/Windows/Engine.ini]
[2021.05.01-19.04.37:275][  0]LogConfig: Setting CVar [[r.GPUCrashDebugging:0]]
[2021.05.01-19.04.37:275][  0]LogConfig: Setting CVar [[r.DefaultFeature.AutoExposure:0]]
[2021.05.01-19.04.37:275][  0]LogConfig: Setting CVar [[r.DefaultFeature.AutoExposure.Method:0]]
[2021.05.01-19.04.37:275][  0]LogConfig: Applying CVar settings from Section [/Script/Engine.RendererOverrideSettings] File [E:/desktop/Game Building/Level Design/3V3 Shooter/3V3-Shooter/Multiplayer Asset Pack/FPSMultiplayer/Saved/Config/Windows/Engine.ini]
[2021.05.01-19.04.37:275][  0]LogConfig: Applying CVar settings from Section [/Script/Engine.StreamingSettings] File [E:/desktop/Game Building/Level Design/3V3 Shooter/3V3-Shooter/Multiplayer Asset Pack/FPSMultiplayer/Saved/Config/Windows/Engine.ini]
[2021.05.01-19.04.37:275][  0]LogConfig: Setting CVar [[s.MinBulkDataSizeForAsyncLoading:131072]]
[2021.05.01-19.04.37:275][  0]LogConfig: Setting CVar [[s.AsyncLoadingThreadEnabled:0]]
[2021.05.01-19.04.37:275][  0]LogConfig: Setting CVar [[s.EventDrivenLoaderEnabled:1]]
[2021.05.01-19.04.37:275][  0]LogConfig: Setting CVar [[s.WarnIfTimeLimitExceeded:0]]
[2021.05.01-19.04.37:275][  0]LogConfig: Setting CVar [[s.TimeLimitExceededMultiplier:1.5]]
[2021.05.01-19.04.37:275][  0]LogConfig: Setting CVar [[s.TimeLimitExceededMinTime:0.005]]
[2021.05.01-19.04.37:275][  0]LogConfig: Setting CVar [[s.UseBackgroundLevelStreaming:1]]
[2021.05.01-19.04.37:275][  0]LogConfig: Setting CVar [[s.PriorityAsyncLoadingExtraTime:15.0]]
[2021.05.01-19.04.37:275][  0]LogConfig: Setting CVar [[s.LevelStreamingActorsUpdateTimeLimit:5.0]]
[2021.05.01-19.04.37:275][  0]LogConfig: Setting CVar [[s.PriorityLevelStreamingActorsUpdateExtraTime:5.0]]
[2021.05.01-19.04.37:275][  0]LogConfig: Setting CVar [[s.LevelStreamingComponentsRegistrationGranularity:10]]
[2021.05.01-19.04.37:275][  0]LogConfig: Setting CVar [[s.UnregisterComponentsTimeLimit:1.0]]
[2021.05.01-19.04.37:275][  0]LogConfig: Setting CVar [[s.LevelStreamingComponentsUnregistrationGranularity:5]]
[2021.05.01-19.04.37:275][  0]LogConfig: Setting CVar [[s.FlushStreamingOnExit:1]]
[2021.05.01-19.04.37:275][  0]LogConfig: Applying CVar settings from Section [/Script/Engine.GarbageCollectionSettings] File [E:/desktop/Game Building/Level Design/3V3 Shooter/3V3-Shooter/Multiplayer Asset Pack/FPSMultiplayer/Saved/Config/Windows/Engine.ini]
[2021.05.01-19.04.37:275][  0]LogConfig: Setting CVar [[gc.MaxObjectsNotConsideredByGC:1]]
[2021.05.01-19.04.37:275][  0]LogConfig: Setting CVar [[gc.SizeOfPermanentObjectPool:0]]
[2021.05.01-19.04.37:275][  0]LogConfig: Setting CVar [[gc.FlushStreamingOnGC:0]]
[2021.05.01-19.04.37:275][  0]LogConfig: Setting CVar [[gc.NumRetriesBeforeForcingGC:10]]
[2021.05.01-19.04.37:275][  0]LogConfig: Setting CVar [[gc.AllowParallelGC:1]]
[2021.05.01-19.04.37:275][  0]LogConfig: Setting CVar [[gc.TimeBetweenPurgingPendingKillObjects:61.1]]
[2021.05.01-19.04.37:275][  0]LogConfig: Setting CVar [[gc.MaxObjectsInEditor:25165824]]
[2021.05.01-19.04.37:275][  0]LogConfig: Setting CVar [[gc.IncrementalBeginDestroyEnabled:1]]
[2021.05.01-19.04.37:275][  0]LogConfig: Setting CVar [[gc.CreateGCClusters:1]]
[2021.05.01-19.04.37:275][  0]LogConfig: Setting CVar [[gc.MinGCClusterSize:5]]
[2021.05.01-19.04.37:276][  0]LogConfig: Setting CVar [[gc.ActorClusteringEnabled:0]]
[2021.05.01-19.04.37:276][  0]LogConfig: Setting CVar [[gc.BlueprintClusteringEnabled:0]]
[2021.05.01-19.04.37:276][  0]LogConfig: Setting CVar [[gc.UseDisregardForGCOnDedicatedServers:0]]
[2021.05.01-19.04.37:276][  0]LogConfig: Applying CVar settings from Section [/Script/Engine.NetworkSettings] File [E:/desktop/Game Building/Level Design/3V3 Shooter/3V3-Shooter/Multiplayer Asset Pack/FPSMultiplayer/Saved/Config/Windows/Engine.ini]
[2021.05.01-19.04.37:276][  0]LogConfig: Applying CVar settings from Section [/Script/UnrealEd.CookerSettings] File [E:/desktop/Game Building/Level Design/3V3 Shooter/3V3-Shooter/Multiplayer Asset Pack/FPSMultiplayer/Saved/Config/Windows/Engine.ini]
[2021.05.01-19.04.37:279][  0]LogConfig: Applying CVar settings from Section [ViewDistanceQuality@3] File [E:/desktop/Game Building/Level Design/3V3 Shooter/3V3-Shooter/Multiplayer Asset Pack/FPSMultiplayer/Saved/Config/Windows/Scalability.ini]
[2021.05.01-19.04.37:279][  0]LogConfig: Setting CVar [[r.SkeletalMeshLODBias:0]]
[2021.05.01-19.04.37:279][  0]LogConfig: Setting CVar [[r.ViewDistanceScale:1.0]]
[2021.05.01-19.04.37:279][  0]LogConfig: Applying CVar settings from Section [AntiAliasingQuality@3] File [E:/desktop/Game Building/Level Design/3V3 Shooter/3V3-Shooter/Multiplayer Asset Pack/FPSMultiplayer/Saved/Config/Windows/Scalability.ini]
[2021.05.01-19.04.37:279][  0]LogConfig: Setting CVar [[r.PostProcessAAQuality:4]]
[2021.05.01-19.04.37:279][  0]LogConfig: Applying CVar settings from Section [ShadowQuality@3] File [E:/desktop/Game Building/Level Design/3V3 Shooter/3V3-Shooter/Multiplayer Asset Pack/FPSMultiplayer/Saved/Config/Windows/Scalability.ini]
[2021.05.01-19.04.37:279][  0]LogConfig: Setting CVar [[r.LightFunctionQuality:1]]
[2021.05.01-19.04.37:279][  0]LogConfig: Setting CVar [[r.ShadowQuality:5]]
[2021.05.01-19.04.37:279][  0]LogConfig: Setting CVar [[r.Shadow.CSM.MaxCascades:10]]
[2021.05.01-19.04.37:279][  0]LogConfig: Setting CVar [[r.Shadow.MaxResolution:2048]]
[2021.05.01-19.04.37:279][  0]LogConfig: Setting CVar [[r.Shadow.MaxCSMResolution:2048]]
[2021.05.01-19.04.37:279][  0]LogConfig: Setting CVar [[r.Shadow.RadiusThreshold:0.01]]
[2021.05.01-19.04.37:279][  0]LogConfig: Setting CVar [[r.Shadow.DistanceScale:1.0]]
[2021.05.01-19.04.37:279][  0]LogConfig: Setting CVar [[r.Shadow.CSM.TransitionScale:1.0]]
[2021.05.01-19.04.37:279][  0]LogConfig: Setting CVar [[r.Shadow.PreShadowResolutionFactor:1.0]]
[2021.05.01-19.04.37:279][  0]LogConfig: Setting CVar [[r.DistanceFieldShadowing:1]]
[2021.05.01-19.04.37:279][  0]LogConfig: Setting CVar [[r.DistanceFieldAO:1]]
[2021.05.01-19.04.37:279][  0]LogConfig: Setting CVar [[r.AOQuality:2]]
[2021.05.01-19.04.37:279][  0]LogConfig: Setting CVar [[r.VolumetricFog:1]]
[2021.05.01-19.04.37:279][  0]LogConfig: Setting CVar [[r.VolumetricFog.GridPixelSize:8]]
[2021.05.01-19.04.37:279][  0]LogConfig: Setting CVar [[r.VolumetricFog.GridSizeZ:128]]
[2021.05.01-19.04.37:279][  0]LogConfig: Setting CVar [[r.VolumetricFog.HistoryMissSupersampleCount:4]]
[2021.05.01-19.04.37:279][  0]LogConfig: Setting CVar [[r.LightMaxDrawDistanceScale:1]]
[2021.05.01-19.04.37:279][  0]LogConfig: Setting CVar [[r.CapsuleShadows:1]]
[2021.05.01-19.04.37:279][  0]LogConfig: Applying CVar settings from Section [PostProcessQuality@3] File [E:/desktop/Game Building/Level Design/3V3 Shooter/3V3-Shooter/Multiplayer Asset Pack/FPSMultiplayer/Saved/Config/Windows/Scalability.ini]
[2021.05.01-19.04.37:279][  0]LogConfig: Setting CVar [[r.MotionBlurQuality:4]]
[2021.05.01-19.04.37:279][  0]LogConfig: Setting CVar [[r.AmbientOcclusionMipLevelFactor:0.4]]
[2021.05.01-19.04.37:279][  0]LogConfig: Setting CVar [[r.AmbientOcclusionMaxQuality:100]]
[2021.05.01-19.04.37:279][  0]LogConfig: Setting CVar [[r.AmbientOcclusionLevels:-1]]
[2021.05.01-19.04.37:279][  0]LogConfig: Setting CVar [[r.AmbientOcclusionRadiusScale:1.0]]
[2021.05.01-19.04.37:279][  0]LogConfig: Setting CVar [[r.DepthOfFieldQuality:2]]
[2021.05.01-19.04.37:279][  0]LogConfig: Setting CVar [[r.RenderTargetPoolMin:400]]
[2021.05.01-19.04.37:279][  0]LogConfig: Setting CVar [[r.LensFlareQuality:2]]
[2021.05.01-19.04.37:279][  0]LogConfig: Setting CVar [[r.SceneColorFringeQuality:1]]
[2021.05.01-19.04.37:279][  0]LogConfig: Setting CVar [[r.EyeAdaptationQuality:2]]
[2021.05.01-19.04.37:279][  0]LogConfig: Setting CVar [[r.BloomQuality:5]]
[2021.05.01-19.04.37:279][  0]LogConfig: Setting CVar [[r.FastBlurThreshold:100]]
[2021.05.01-19.04.37:279][  0]LogConfig: Setting CVar [[r.Upscale.Quality:3]]
[2021.05.01-19.04.37:279][  0]LogConfig: Setting CVar [[r.Tonemapper.GrainQuantization:1]]
[2021.05.01-19.04.37:279][  0]LogConfig: Setting CVar [[r.LightShaftQuality:1]]
[2021.05.01-19.04.37:279][  0]LogConfig: Setting CVar [[r.Filter.SizeScale:1]]
[2021.05.01-19.04.37:279][  0]LogConfig: Setting CVar [[r.Tonemapper.Quality:5]]
[2021.05.01-19.04.37:279][  0]LogConfig: Setting CVar [[r.DOF.Gather.AccumulatorQuality:1        ; higher gathering accumulator quality]]
[2021.05.01-19.04.37:279][  0]LogConfig: Setting CVar [[r.DOF.Gather.PostfilterMethod:1          ; Median3x3 postfilering method]]
[2021.05.01-19.04.37:279][  0]LogConfig: Setting CVar [[r.DOF.Gather.EnableBokehSettings:0       ; no bokeh simulation when gathering]]
[2021.05.01-19.04.37:279][  0]LogConfig: Setting CVar [[r.DOF.Gather.RingCount:4                 ; medium number of samples when gathering]]
[2021.05.01-19.04.37:279][  0]LogConfig: Setting CVar [[r.DOF.Scatter.ForegroundCompositing:1    ; additive foreground scattering]]
[2021.05.01-19.04.37:279][  0]LogConfig: Setting CVar [[r.DOF.Scatter.BackgroundCompositing:2    ; additive background scattering]]
[2021.05.01-19.04.37:279][  0]LogConfig: Setting CVar [[r.DOF.Scatter.EnableBokehSettings:1      ; bokeh simulation when scattering]]
[2021.05.01-19.04.37:279][  0]LogConfig: Setting CVar [[r.DOF.Scatter.MaxSpriteRatio:0.1         ; only a maximum of 10% of scattered bokeh]]
[2021.05.01-19.04.37:279][  0]LogConfig: Setting CVar [[r.DOF.Recombine.Quality:1                ; cheap slight out of focus]]
[2021.05.01-19.04.37:279][  0]LogConfig: Setting CVar [[r.DOF.Recombine.EnableBokehSettings:0    ; no bokeh simulation on slight out of focus]]
[2021.05.01-19.04.37:279][  0]LogConfig: Setting CVar [[r.DOF.TemporalAAQuality:1                ; more stable temporal accumulation]]
[2021.05.01-19.04.37:279][  0]LogConfig: Setting CVar [[r.DOF.Kernel.MaxForegroundRadius:0.025]]
[2021.05.01-19.04.37:279][  0]LogConfig: Setting CVar [[r.DOF.Kernel.MaxBackgroundRadius:0.025]]
[2021.05.01-19.04.37:279][  0]LogConfig: Applying CVar settings from Section [TextureQuality@3] File [E:/desktop/Game Building/Level Design/3V3 Shooter/3V3-Shooter/Multiplayer Asset Pack/FPSMultiplayer/Saved/Config/Windows/Scalability.ini]
[2021.05.01-19.04.37:279][  0]LogConfig: Setting CVar [[r.Streaming.MipBias:0]]
[2021.05.01-19.04.37:279][  0]LogConfig: Setting CVar [[r.Streaming.AmortizeCPUToGPUCopy:0]]
[2021.05.01-19.04.37:279][  0]LogConfig: Setting CVar [[r.Streaming.MaxNumTexturesToStreamPerFrame:0]]
[2021.05.01-19.04.37:279][  0]LogConfig: Setting CVar [[r.Streaming.Boost:1]]
[2021.05.01-19.04.37:279][  0]LogConfig: Setting CVar [[r.MaxAnisotropy:8]]
[2021.05.01-19.04.37:279][  0]LogConfig: Setting CVar [[r.VT.MaxAnisotropy:8]]
[2021.05.01-19.04.37:279][  0]LogConfig: Setting CVar [[r.Streaming.LimitPoolSizeToVRAM:0]]
[2021.05.01-19.04.37:279][  0]LogConfig: Setting CVar [[r.Streaming.PoolSize:1000]]
[2021.05.01-19.04.37:279][  0]LogConfig: Setting CVar [[r.Streaming.MaxEffectiveScreenSize:0]]
[2021.05.01-19.04.37:279][  0]LogConfig: Applying CVar settings from Section [EffectsQuality@3] File [E:/desktop/Game Building/Level Design/3V3 Shooter/3V3-Shooter/Multiplayer Asset Pack/FPSMultiplayer/Saved/Config/Windows/Scalability.ini]
[2021.05.01-19.04.37:279][  0]LogConfig: Setting CVar [[r.TranslucencyLightingVolumeDim:64]]
[2021.05.01-19.04.37:279][  0]LogConfig: Setting CVar [[r.RefractionQuality:2]]
[2021.05.01-19.04.37:279][  0]LogConfig: Setting CVar [[r.SSR.Quality:3]]
[2021.05.01-19.04.37:279][  0]LogConfig: Setting CVar [[r.SSR.HalfResSceneColor:0]]
[2021.05.01-19.04.37:279][  0]LogConfig: Setting CVar [[r.SceneColorFormat:4]]
[2021.05.01-19.04.37:279][  0]LogConfig: Setting CVar [[r.DetailMode:2]]
[2021.05.01-19.04.37:279][  0]LogConfig: Setting CVar [[r.TranslucencyVolumeBlur:1]]
[2021.05.01-19.04.37:279][  0]LogConfig: Setting CVar [[r.MaterialQualityLevel:1 ; High quality]]
[2021.05.01-19.04.37:279][  0]LogConfig: Setting CVar [[r.SSS.Scale:1]]
[2021.05.01-19.04.37:279][  0]LogConfig: Setting CVar [[r.SSS.SampleSet:2]]
[2021.05.01-19.04.37:279][  0]LogConfig: Setting CVar [[r.SSS.Quality:1]]
[2021.05.01-19.04.37:279][  0]LogConfig: Setting CVar [[r.SSS.HalfRes:0]]
[2021.05.01-19.04.37:279][  0]LogConfig: Setting CVar [[r.SSGI.Quality:3]]
[2021.05.01-19.04.37:279][  0]LogConfig: Setting CVar [[r.EmitterSpawnRateScale:1.0]]
[2021.05.01-19.04.37:279][  0]LogConfig: Setting CVar [[r.ParticleLightQuality:2]]
[2021.05.01-19.04.37:279][  0]LogConfig: Setting CVar [[r.SkyAtmosphere.AerialPerspectiveLUT.FastApplyOnOpaque:1 ; Always have FastSkyLUT 1 in this case to avoid wrong sky]]
[2021.05.01-19.04.37:279][  0]LogConfig: Setting CVar [[r.SkyAtmosphere.AerialPerspectiveLUT.SampleCountPerSlice:1]]
[2021.05.01-19.04.37:279][  0]LogConfig: Setting CVar [[r.SkyAtmosphere.AerialPerspectiveLUT.DepthResolution:16.0]]
[2021.05.01-19.04.37:279][  0]LogConfig: Setting CVar [[r.SkyAtmosphere.FastSkyLUT:1]]
[2021.05.01-19.04.37:279][  0]LogConfig: Setting CVar [[r.SkyAtmosphere.FastSkyLUT.SampleCountMin:4.0]]
[2021.05.01-19.04.37:279][  0]LogConfig: Setting CVar [[r.SkyAtmosphere.FastSkyLUT.SampleCountMax:32.0]]
[2021.05.01-19.04.37:279][  0]LogConfig: Setting CVar [[r.SkyAtmosphere.SampleCountMin:4.0]]
[2021.05.01-19.04.37:279][  0]LogConfig: Setting CVar [[r.SkyAtmosphere.SampleCountMax:32.0]]
[2021.05.01-19.04.37:279][  0]LogConfig: Setting CVar [[r.SkyAtmosphere.TransmittanceLUT.UseSmallFormat:0]]
[2021.05.01-19.04.37:279][  0]LogConfig: Setting CVar [[r.SkyAtmosphere.TransmittanceLUT.SampleCount:10.0]]
[2021.05.01-19.04.37:279][  0]LogConfig: Setting CVar [[r.SkyAtmosphere.MultiScatteringLUT.SampleCount:15.0]]
[2021.05.01-19.04.37:279][  0]LogConfig: Applying CVar settings from Section [FoliageQuality@3] File [E:/desktop/Game Building/Level Design/3V3 Shooter/3V3-Shooter/Multiplayer Asset Pack/FPSMultiplayer/Saved/Config/Windows/Scalability.ini]
[2021.05.01-19.04.37:279][  0]LogConfig: Setting CVar [[foliage.DensityScale:1.0]]
[2021.05.01-19.04.37:279][  0]LogConfig: Setting CVar [[grass.DensityScale:1.0]]
[2021.05.01-19.04.37:279][  0]LogConfig: Applying CVar settings from Section [ShadingQuality@3] File [E:/desktop/Game Building/Level Design/3V3 Shooter/3V3-Shooter/Multiplayer Asset Pack/FPSMultiplayer/Saved/Config/Windows/Scalability.ini]
[2021.05.01-19.04.37:279][  0]LogConfig: Setting CVar [[r.HairStrands.SkyLighting.SampleCount:16]]
[2021.05.01-19.04.37:279][  0]LogConfig: Setting CVar [[r.HairStrands.SkyLighting.JitterIntegration:0]]
[2021.05.01-19.04.37:279][  0]LogConfig: Setting CVar [[r.HairStrands.SkyAO.SampleCount:16]]
[2021.05.01-19.04.37:279][  0]LogConfig: Setting CVar [[r.HairStrands.DeepShadow.SuperSampling:0]]
[2021.05.01-19.04.37:279][  0]LogConfig: Setting CVar [[r.HairStrands.VisibilityPPLL:0]]
[2021.05.01-19.04.37:279][  0]LogConfig: Setting CVar [[r.HairStrands.RasterizationScale:0.5]]
[2021.05.01-19.04.37:279][  0]LogConfig: Setting CVar [[r.HairStrands.VelocityRasterizationScale:1]]
[2021.05.01-19.04.37:279][  0]LogInit: Selected Device Profile: [Windows]
[2021.05.01-19.04.37:279][  0]LogInit: Applying CVar settings loaded from the selected device profile: [Windows]
[2021.05.01-19.04.37:279][  0]LogHAL: Display: Platform has ~ 16 GB [17106984960 / 17179869184 / 16], which maps to Larger [LargestMinGB=32, LargerMinGB=12, DefaultMinGB=8, SmallerMinGB=6, SmallestMinGB=0)
[2021.05.01-19.04.37:279][  0]LogInit: Going up to parent DeviceProfile []
[2021.05.01-19.04.37:279][  0]LogConfig: Applying CVar settings from Section [ViewDistanceQuality@3] File [E:/desktop/Game Building/Level Design/3V3 Shooter/3V3-Shooter/Multiplayer Asset Pack/FPSMultiplayer/Saved/Config/Windows/Scalability.ini]
[2021.05.01-19.04.37:279][  0]LogConfig: Setting CVar [[r.SkeletalMeshLODBias:0]]
[2021.05.01-19.04.37:279][  0]LogConfig: Setting CVar [[r.ViewDistanceScale:1.0]]
[2021.05.01-19.04.37:280][  0]LogConfig: Applying CVar settings from Section [AntiAliasingQuality@3] File [E:/desktop/Game Building/Level Design/3V3 Shooter/3V3-Shooter/Multiplayer Asset Pack/FPSMultiplayer/Saved/Config/Windows/Scalability.ini]
[2021.05.01-19.04.37:280][  0]LogConfig: Setting CVar [[r.PostProcessAAQuality:4]]
[2021.05.01-19.04.37:280][  0]LogConfig: Applying CVar settings from Section [ShadowQuality@3] File [E:/desktop/Game Building/Level Design/3V3 Shooter/3V3-Shooter/Multiplayer Asset Pack/FPSMultiplayer/Saved/Config/Windows/Scalability.ini]
[2021.05.01-19.04.37:280][  0]LogConfig: Setting CVar [[r.LightFunctionQuality:1]]
[2021.05.01-19.04.37:280][  0]LogConfig: Setting CVar [[r.ShadowQuality:5]]
[2021.05.01-19.04.37:280][  0]LogConfig: Setting CVar [[r.Shadow.CSM.MaxCascades:10]]
[2021.05.01-19.04.37:280][  0]LogConfig: Setting CVar [[r.Shadow.MaxResolution:2048]]
[2021.05.01-19.04.37:280][  0]LogConfig: Setting CVar [[r.Shadow.MaxCSMResolution:2048]]
[2021.05.01-19.04.37:280][  0]LogConfig: Setting CVar [[r.Shadow.RadiusThreshold:0.01]]
[2021.05.01-19.04.37:280][  0]LogConfig: Setting CVar [[r.Shadow.DistanceScale:1.0]]
[2021.05.01-19.04.37:280][  0]LogConfig: Setting CVar [[r.Shadow.CSM.TransitionScale:1.0]]
[2021.05.01-19.04.37:280][  0]LogConfig: Setting CVar [[r.Shadow.PreShadowResolutionFactor:1.0]]
[2021.05.01-19.04.37:280][  0]LogConfig: Setting CVar [[r.DistanceFieldShadowing:1]]
[2021.05.01-19.04.37:280][  0]LogConfig: Setting CVar [[r.DistanceFieldAO:1]]
[2021.05.01-19.04.37:280][  0]LogConfig: Setting CVar [[r.AOQuality:2]]
[2021.05.01-19.04.37:280][  0]LogConfig: Setting CVar [[r.VolumetricFog:1]]
[2021.05.01-19.04.37:280][  0]LogConfig: Setting CVar [[r.VolumetricFog.GridPixelSize:8]]
[2021.05.01-19.04.37:280][  0]LogConfig: Setting CVar [[r.VolumetricFog.GridSizeZ:128]]
[2021.05.01-19.04.37:280][  0]LogConfig: Setting CVar [[r.VolumetricFog.HistoryMissSupersampleCount:4]]
[2021.05.01-19.04.37:280][  0]LogConfig: Setting CVar [[r.LightMaxDrawDistanceScale:1]]
[2021.05.01-19.04.37:280][  0]LogConfig: Setting CVar [[r.CapsuleShadows:1]]
[2021.05.01-19.04.37:280][  0]LogConfig: Applying CVar settings from Section [PostProcessQuality@3] File [E:/desktop/Game Building/Level Design/3V3 Shooter/3V3-Shooter/Multiplayer Asset Pack/FPSMultiplayer/Saved/Config/Windows/Scalability.ini]
[2021.05.01-19.04.37:280][  0]LogConfig: Setting CVar [[r.MotionBlurQuality:4]]
[2021.05.01-19.04.37:280][  0]LogConfig: Setting CVar [[r.AmbientOcclusionMipLevelFactor:0.4]]
[2021.05.01-19.04.37:280][  0]LogConfig: Setting CVar [[r.AmbientOcclusionMaxQuality:100]]
[2021.05.01-19.04.37:280][  0]LogConfig: Setting CVar [[r.AmbientOcclusionLevels:-1]]
[2021.05.01-19.04.37:280][  0]LogConfig: Setting CVar [[r.AmbientOcclusionRadiusScale:1.0]]
[2021.05.01-19.04.37:280][  0]LogConfig: Setting CVar [[r.DepthOfFieldQuality:2]]
[2021.05.01-19.04.37:280][  0]LogConfig: Setting CVar [[r.RenderTargetPoolMin:400]]
[2021.05.01-19.04.37:280][  0]LogConfig: Setting CVar [[r.LensFlareQuality:2]]
[2021.05.01-19.04.37:280][  0]LogConfig: Setting CVar [[r.SceneColorFringeQuality:1]]
[2021.05.01-19.04.37:280][  0]LogConfig: Setting CVar [[r.EyeAdaptationQuality:2]]
[2021.05.01-19.04.37:280][  0]LogConfig: Setting CVar [[r.BloomQuality:5]]
[2021.05.01-19.04.37:280][  0]LogConfig: Setting CVar [[r.FastBlurThreshold:100]]
[2021.05.01-19.04.37:280][  0]LogConfig: Setting CVar [[r.Upscale.Quality:3]]
[2021.05.01-19.04.37:280][  0]LogConfig: Setting CVar [[r.Tonemapper.GrainQuantization:1]]
[2021.05.01-19.04.37:280][  0]LogConfig: Setting CVar [[r.LightShaftQuality:1]]
[2021.05.01-19.04.37:280][  0]LogConfig: Setting CVar [[r.Filter.SizeScale:1]]
[2021.05.01-19.04.37:280][  0]LogConfig: Setting CVar [[r.Tonemapper.Quality:5]]
[2021.05.01-19.04.37:280][  0]LogConfig: Setting CVar [[r.DOF.Gather.AccumulatorQuality:1        ; higher gathering accumulator quality]]
[2021.05.01-19.04.37:280][  0]LogConfig: Setting CVar [[r.DOF.Gather.PostfilterMethod:1          ; Median3x3 postfilering method]]
[2021.05.01-19.04.37:280][  0]LogConfig: Setting CVar [[r.DOF.Gather.EnableBokehSettings:0       ; no bokeh simulation when gathering]]
[2021.05.01-19.04.37:280][  0]LogConfig: Setting CVar [[r.DOF.Gather.RingCount:4                 ; medium number of samples when gathering]]
[2021.05.01-19.04.37:280][  0]LogConfig: Setting CVar [[r.DOF.Scatter.ForegroundCompositing:1    ; additive foreground scattering]]
[2021.05.01-19.04.37:280][  0]LogConfig: Setting CVar [[r.DOF.Scatter.BackgroundCompositing:2    ; additive background scattering]]
[2021.05.01-19.04.37:280][  0]LogConfig: Setting CVar [[r.DOF.Scatter.EnableBokehSettings:1      ; bokeh simulation when scattering]]
[2021.05.01-19.04.37:280][  0]LogConfig: Setting CVar [[r.DOF.Scatter.MaxSpriteRatio:0.1         ; only a maximum of 10% of scattered bokeh]]
[2021.05.01-19.04.37:280][  0]LogConfig: Setting CVar [[r.DOF.Recombine.Quality:1                ; cheap slight out of focus]]
[2021.05.01-19.04.37:280][  0]LogConfig: Setting CVar [[r.DOF.Recombine.EnableBokehSettings:0    ; no bokeh simulation on slight out of focus]]
[2021.05.01-19.04.37:280][  0]LogConfig: Setting CVar [[r.DOF.TemporalAAQuality:1                ; more stable temporal accumulation]]
[2021.05.01-19.04.37:280][  0]LogConfig: Setting CVar [[r.DOF.Kernel.MaxForegroundRadius:0.025]]
[2021.05.01-19.04.37:280][  0]LogConfig: Setting CVar [[r.DOF.Kernel.MaxBackgroundRadius:0.025]]
[2021.05.01-19.04.37:280][  0]LogConfig: Applying CVar settings from Section [TextureQuality@3] File [E:/desktop/Game Building/Level Design/3V3 Shooter/3V3-Shooter/Multiplayer Asset Pack/FPSMultiplayer/Saved/Config/Windows/Scalability.ini]
[2021.05.01-19.04.37:280][  0]LogConfig: Setting CVar [[r.Streaming.MipBias:0]]
[2021.05.01-19.04.37:280][  0]LogConfig: Setting CVar [[r.Streaming.AmortizeCPUToGPUCopy:0]]
[2021.05.01-19.04.37:280][  0]LogConfig: Setting CVar [[r.Streaming.MaxNumTexturesToStreamPerFrame:0]]
[2021.05.01-19.04.37:280][  0]LogConfig: Setting CVar [[r.Streaming.Boost:1]]
[2021.05.01-19.04.37:280][  0]LogConfig: Setting CVar [[r.MaxAnisotropy:8]]
[2021.05.01-19.04.37:280][  0]LogConfig: Setting CVar [[r.VT.MaxAnisotropy:8]]
[2021.05.01-19.04.37:280][  0]LogConfig: Setting CVar [[r.Streaming.LimitPoolSizeToVRAM:0]]
[2021.05.01-19.04.37:280][  0]LogConfig: Setting CVar [[r.Streaming.PoolSize:1000]]
[2021.05.01-19.04.37:280][  0]LogConfig: Setting CVar [[r.Streaming.MaxEffectiveScreenSize:0]]
[2021.05.01-19.04.37:280][  0]LogConfig: Applying CVar settings from Section [EffectsQuality@3] File [E:/desktop/Game Building/Level Design/3V3 Shooter/3V3-Shooter/Multiplayer Asset Pack/FPSMultiplayer/Saved/Config/Windows/Scalability.ini]
[2021.05.01-19.04.37:280][  0]LogConfig: Setting CVar [[r.TranslucencyLightingVolumeDim:64]]
[2021.05.01-19.04.37:280][  0]LogConfig: Setting CVar [[r.RefractionQuality:2]]
[2021.05.01-19.04.37:280][  0]LogConfig: Setting CVar [[r.SSR.Quality:3]]
[2021.05.01-19.04.37:280][  0]LogConfig: Setting CVar [[r.SSR.HalfResSceneColor:0]]
[2021.05.01-19.04.37:280][  0]LogConfig: Setting CVar [[r.SceneColorFormat:4]]
[2021.05.01-19.04.37:280][  0]LogConfig: Setting CVar [[r.DetailMode:2]]
[2021.05.01-19.04.37:280][  0]LogConfig: Setting CVar [[r.TranslucencyVolumeBlur:1]]
[2021.05.01-19.04.37:280][  0]LogConfig: Setting CVar [[r.MaterialQualityLevel:1 ; High quality]]
[2021.05.01-19.04.37:280][  0]LogConfig: Setting CVar [[r.SSS.Scale:1]]
[2021.05.01-19.04.37:280][  0]LogConfig: Setting CVar [[r.SSS.SampleSet:2]]
[2021.05.01-19.04.37:280][  0]LogConfig: Setting CVar [[r.SSS.Quality:1]]
[2021.05.01-19.04.37:280][  0]LogConfig: Setting CVar [[r.SSS.HalfRes:0]]
[2021.05.01-19.04.37:280][  0]LogConfig: Setting CVar [[r.SSGI.Quality:3]]
[2021.05.01-19.04.37:280][  0]LogConfig: Setting CVar [[r.EmitterSpawnRateScale:1.0]]
[2021.05.01-19.04.37:280][  0]LogConfig: Setting CVar [[r.ParticleLightQuality:2]]
[2021.05.01-19.04.37:280][  0]LogConfig: Setting CVar [[r.SkyAtmosphere.AerialPerspectiveLUT.FastApplyOnOpaque:1 ; Always have FastSkyLUT 1 in this case to avoid wrong sky]]
[2021.05.01-19.04.37:280][  0]LogConfig: Setting CVar [[r.SkyAtmosphere.AerialPerspectiveLUT.SampleCountPerSlice:1]]
[2021.05.01-19.04.37:280][  0]LogConfig: Setting CVar [[r.SkyAtmosphere.AerialPerspectiveLUT.DepthResolution:16.0]]
[2021.05.01-19.04.37:280][  0]LogConfig: Setting CVar [[r.SkyAtmosphere.FastSkyLUT:1]]
[2021.05.01-19.04.37:280][  0]LogConfig: Setting CVar [[r.SkyAtmosphere.FastSkyLUT.SampleCountMin:4.0]]
[2021.05.01-19.04.37:280][  0]LogConfig: Setting CVar [[r.SkyAtmosphere.FastSkyLUT.SampleCountMax:32.0]]
[2021.05.01-19.04.37:280][  0]LogConfig: Setting CVar [[r.SkyAtmosphere.SampleCountMin:4.0]]
[2021.05.01-19.04.37:280][  0]LogConfig: Setting CVar [[r.SkyAtmosphere.SampleCountMax:32.0]]
[2021.05.01-19.04.37:280][  0]LogConfig: Setting CVar [[r.SkyAtmosphere.TransmittanceLUT.UseSmallFormat:0]]
[2021.05.01-19.04.37:280][  0]LogConfig: Setting CVar [[r.SkyAtmosphere.TransmittanceLUT.SampleCount:10.0]]
[2021.05.01-19.04.37:280][  0]LogConfig: Setting CVar [[r.SkyAtmosphere.MultiScatteringLUT.SampleCount:15.0]]
[2021.05.01-19.04.37:280][  0]LogConfig: Applying CVar settings from Section [FoliageQuality@3] File [E:/desktop/Game Building/Level Design/3V3 Shooter/3V3-Shooter/Multiplayer Asset Pack/FPSMultiplayer/Saved/Config/Windows/Scalability.ini]
[2021.05.01-19.04.37:280][  0]LogConfig: Setting CVar [[foliage.DensityScale:1.0]]
[2021.05.01-19.04.37:280][  0]LogConfig: Setting CVar [[grass.DensityScale:1.0]]
[2021.05.01-19.04.37:280][  0]LogConfig: Applying CVar settings from Section [ShadingQuality@3] File [E:/desktop/Game Building/Level Design/3V3 Shooter/3V3-Shooter/Multiplayer Asset Pack/FPSMultiplayer/Saved/Config/Windows/Scalability.ini]
[2021.05.01-19.04.37:280][  0]LogConfig: Setting CVar [[r.HairStrands.SkyLighting.SampleCount:16]]
[2021.05.01-19.04.37:280][  0]LogConfig: Setting CVar [[r.HairStrands.SkyLighting.JitterIntegration:0]]
[2021.05.01-19.04.37:280][  0]LogConfig: Setting CVar [[r.HairStrands.SkyAO.SampleCount:16]]
[2021.05.01-19.04.37:280][  0]LogConfig: Setting CVar [[r.HairStrands.DeepShadow.SuperSampling:0]]
[2021.05.01-19.04.37:280][  0]LogConfig: Setting CVar [[r.HairStrands.VisibilityPPLL:0]]
[2021.05.01-19.04.37:280][  0]LogConfig: Setting CVar [[r.HairStrands.RasterizationScale:0.5]]
[2021.05.01-19.04.37:280][  0]LogConfig: Setting CVar [[r.HairStrands.VelocityRasterizationScale:1]]
[2021.05.01-19.04.37:280][  0]LogConfig: Applying CVar settings from Section [Startup] File [../../../Engine/Config/ConsoleVariables.ini]
[2021.05.01-19.04.37:280][  0]LogConfig: Setting CVar [[net.UseAdaptiveNetUpdateFrequency:0]]
[2021.05.01-19.04.37:280][  0]LogConfig: Setting CVar [[p.chaos.AllowCreatePhysxBodies:1]]
[2021.05.01-19.04.37:280][  0]LogConfig: Setting CVar [[fx.SkipVectorVMBackendOptimizations:1]]
[2021.05.01-19.04.37:280][  0]LogConfig: Applying CVar settings from Section [ConsoleVariables] File [E:/desktop/Game Building/Level Design/3V3 Shooter/3V3-Shooter/Multiplayer Asset Pack/FPSMultiplayer/Saved/Config/Windows/Engine.ini]
[2021.05.01-19.04.37:280][  0]LogInit: Computer: DESKTOP-RBTKJ0E
[2021.05.01-19.04.37:280][  0]LogInit: User: kyle
[2021.05.01-19.04.37:280][  0]LogInit: CPU Page size=4096, Cores=8
[2021.05.01-19.04.37:280][  0]LogInit: High frequency timer resolution =10.000000 MHz
[2021.05.01-19.04.37:281][  0]LogMemory: Memory total: Physical=15.9GB (16GB approx)
[2021.05.01-19.04.37:281][  0]LogMemory: Platform Memory Stats for Windows
[2021.05.01-19.04.37:281][  0]LogMemory: Process Physical Memory: 118.09 MB used, 118.09 MB peak
[2021.05.01-19.04.37:281][  0]LogMemory: Process Virtual Memory: 98.13 MB used, 98.13 MB peak
[2021.05.01-19.04.37:281][  0]LogMemory: Physical Memory: 8119.34 MB used,  8195.15 MB free, 16314.49 MB total
[2021.05.01-19.04.37:281][  0]LogMemory: Virtual Memory: 5188.00 MB used,  134212536.00 MB free, 134217728.00 MB total
[2021.05.01-19.04.37:282][  0]LogWindows: WindowsPlatformFeatures enabled
[2021.05.01-19.04.37:313][  0]LogInit: Physics initialised using underlying interface: PhysX
[2021.05.01-19.04.37:313][  0]LogInit: Using OS detected language (en-US).
[2021.05.01-19.04.37:313][  0]LogInit: Using OS detected locale (en-US).
[2021.05.01-19.04.37:316][  0]LogTextLocalizationManager: No specific localization for 'en-US' exists, so the 'en' localization will be used.
[2021.05.01-19.04.37:426][  0]LogInit: Setting process to per monitor DPI aware
[2021.05.01-19.04.37:457][  0]LogSlate: New Slate User Created.  User Index 0, Is Virtual User: 0
[2021.05.01-19.04.37:457][  0]LogSlate: Slate User Registered.  User Index 0, Is Virtual User: 0
[2021.05.01-19.04.37:596][  0]LogHMD: Failed to initialize OpenVR with code 110
[2021.05.01-19.04.37:596][  0]LogD3D11RHI: D3D11 min allowed feature level: 11_0
[2021.05.01-19.04.37:596][  0]LogD3D11RHI: D3D11 max allowed feature level: 11_0
[2021.05.01-19.04.37:596][  0]LogD3D11RHI: D3D11 adapters:
[2021.05.01-19.04.37:676][  0]LogD3D11RHI:    0. 'NVIDIA GeForce GTX 1070' (Feature Level 11_0)
[2021.05.01-19.04.37:676][  0]LogD3D11RHI:       8088/0/8157 MB DedicatedVideo/DedicatedSystem/SharedSystem, Outputs:2, VendorId:0x10de
[2021.05.01-19.04.37:678][  0]LogD3D11RHI:    1. 'Microsoft Basic Render Driver' (Feature Level 11_0)
[2021.05.01-19.04.37:678][  0]LogD3D11RHI:       0/0/8157 MB DedicatedVideo/DedicatedSystem/SharedSystem, Outputs:0, VendorId:0x1414
[2021.05.01-19.04.37:678][  0]LogD3D11RHI: Chosen D3D11 Adapter: 0
[2021.05.01-19.04.37:685][  0]LogD3D11RHI: Creating new Direct3DDevice
[2021.05.01-19.04.37:685][  0]LogD3D11RHI:     GPU DeviceId: 0x1b81 (for the marketing name, search the web for "GPU Device Id")
[2021.05.01-19.04.37:685][  0]LogWindows: EnumDisplayDevices:
[2021.05.01-19.04.37:685][  0]LogWindows:    0. 'NVIDIA GeForce GTX 1070' (P:1 D:1)
[2021.05.01-19.04.37:685][  0]LogWindows:    1. 'NVIDIA GeForce GTX 1070' (P:0 D:1)
[2021.05.01-19.04.37:685][  0]LogWindows:    2. 'NVIDIA GeForce GTX 1070' (P:0 D:0)
[2021.05.01-19.04.37:685][  0]LogWindows:    3. 'NVIDIA GeForce GTX 1070' (P:0 D:0)
[2021.05.01-19.04.37:685][  0]LogWindows: DebugString: FoundDriverCount:4 
[2021.05.01-19.04.37:685][  0]LogD3D11RHI:     Adapter Name: NVIDIA GeForce GTX 1070
[2021.05.01-19.04.37:685][  0]LogD3D11RHI:   Driver Version: 466.27 (internal:27.21.14.6627, unified:466.27)
[2021.05.01-19.04.37:685][  0]LogD3D11RHI:      Driver Date: 4-23-2021
[2021.05.01-19.04.37:685][  0]LogRHI: Texture pool is 5661 MB (70% of 8088 MB)
[2021.05.01-19.04.37:747][  0]LogD3D11RHI: RHI has support for 64 bit atomics
[2021.05.01-19.04.37:747][  0]LogD3D11RHI: Async texture creation enabled
[2021.05.01-19.04.37:747][  0]LogD3D11RHI: Array index from any shader is supported
[2021.05.01-19.04.37:778][  0]LogD3D11RHI: GPU Timing Frequency: 1000.000000 (Debug: 2 1)
[2021.05.01-19.04.37:984][  0]LogTargetPlatformManager: Display: Loaded TargetPlatform 'AllDesktop'
[2021.05.01-19.04.38:000][  0]LogTargetPlatformManager: Display: Loaded TargetPlatform 'Android'
[2021.05.01-19.04.38:000][  0]LogTargetPlatformManager: Display: Loaded TargetPlatform 'Android_ASTC'
[2021.05.01-19.04.38:000][  0]LogTargetPlatformManager: Display: Loaded TargetPlatform 'Android_DXT'
[2021.05.01-19.04.38:000][  0]LogTargetPlatformManager: Display: Loaded TargetPlatform 'Android_ETC2'
[2021.05.01-19.04.38:000][  0]LogTargetPlatformManager: Display: Loaded TargetPlatform 'AndroidClient'
[2021.05.01-19.04.38:000][  0]LogTargetPlatformManager: Display: Loaded TargetPlatform 'Android_ASTCClient'
[2021.05.01-19.04.38:000][  0]LogTargetPlatformManager: Display: Loaded TargetPlatform 'Android_DXTClient'
[2021.05.01-19.04.38:000][  0]LogTargetPlatformManager: Display: Loaded TargetPlatform 'Android_ETC2Client'
[2021.05.01-19.04.38:000][  0]LogTargetPlatformManager: Display: Loaded TargetPlatform 'Android_Multi'
[2021.05.01-19.04.38:000][  0]LogTargetPlatformManager: Display: Loaded TargetPlatform 'Android_MultiClient'
[2021.05.01-19.04.38:018][  0]LogTargetPlatformManager: Display: Loaded TargetPlatform 'IOSClient'
[2021.05.01-19.04.38:018][  0]LogTargetPlatformManager: Display: Loaded TargetPlatform 'IOS'
[2021.05.01-19.04.38:025][  0]LogTargetPlatformManager: Display: Loaded TargetPlatform 'Linux'
[2021.05.01-19.04.38:031][  0]LogTargetPlatformManager: Display: Loaded TargetPlatform 'LinuxNoEditor'
[2021.05.01-19.04.38:038][  0]LogTargetPlatformManager: Display: Loaded TargetPlatform 'LinuxClient'
[2021.05.01-19.04.38:044][  0]LogTargetPlatformManager: Display: Loaded TargetPlatform 'LinuxServer'
[2021.05.01-19.04.38:050][  0]LogTargetPlatformManager: Display: Loaded TargetPlatform 'LinuxAArch64NoEditor'
[2021.05.01-19.04.38:057][  0]LogTargetPlatformManager: Display: Loaded TargetPlatform 'LinuxAArch64Client'
[2021.05.01-19.04.38:063][  0]LogTargetPlatformManager: Display: Loaded TargetPlatform 'LinuxAArch64Server'
[2021.05.01-19.04.38:082][  0]LogTargetPlatformManager: Display: Loaded TargetPlatform 'Lumin'
[2021.05.01-19.04.38:082][  0]LogTargetPlatformManager: Display: Loaded TargetPlatform 'LuminClient'
[2021.05.01-19.04.38:093][  0]LogTargetPlatformManager: Display: Loaded TargetPlatform 'TVOSClient'
[2021.05.01-19.04.38:093][  0]LogTargetPlatformManager: Display: Loaded TargetPlatform 'TVOS'
[2021.05.01-19.04.38:100][  0]LogTargetPlatformManager: Display: Loaded TargetPlatform 'WindowsNoEditor'
[2021.05.01-19.04.38:107][  0]LogTargetPlatformManager: Display: Loaded TargetPlatform 'Windows'
[2021.05.01-19.04.38:114][  0]LogTargetPlatformManager: Display: Loaded TargetPlatform 'WindowsClient'
[2021.05.01-19.04.38:120][  0]LogTargetPlatformManager: Display: Loaded TargetPlatform 'WindowsServer'
[2021.05.01-19.04.38:120][  0]LogTargetPlatformManager: Display: Building Assets For Windows
[2021.05.01-19.04.38:125][  0]LogAudioDebug: Display: Lib vorbis DLL was dynamically loaded.
[2021.05.01-19.04.38:164][  0]LogShaderCompilers: Guid format shader working directory is -55 characters bigger than the processId version (E:/desktop/Game Building/Level Design/3V3 Shooter/3V3-Shooter/Multiplayer Asset Pack/FPSMultiplayer/Intermediate/Shaders/WorkingDirectory/22800/).
[2021.05.01-19.04.38:164][  0]LogShaderCompilers: Cleaned the shader compiler working directory 'C:/Users/kyle/AppData/Local/Temp/UnrealShaderWorkingDir/791E42BA4FA61EE8E369788971A16A87/'.
[2021.05.01-19.04.38:164][  0]LogXGEController: Cleaning working directory: C:/Users/kyle/AppData/Local/Temp/UnrealXGEWorkingDir/
[2021.05.01-19.04.38:164][  0]LogXGEController: Cannot use XGE Controller as Incredibuild is not installed on this machine.
[2021.05.01-19.04.38:164][  0]LogShaderCompilers: Cannot use XGE Shader Compiler as Incredibuild is not installed on this machine.
[2021.05.01-19.04.38:164][  0]LogShaderCompilers: Display: Using Local Shader Compiler.
[2021.05.01-19.04.38:671][  0]LogDerivedDataCache: Display: Max Cache Size: 512 MB
[2021.05.01-19.04.38:708][  0]LogDerivedDataCache: Loaded boot cache 0.04s 76MB C:/Users/kyle/AppData/Local/UnrealEngine/4.25/DerivedDataCache/Boot.ddc.
[2021.05.01-19.04.38:708][  0]LogDerivedDataCache: Display: Loaded Boot cache: C:/Users/kyle/AppData/Local/UnrealEngine/4.25/DerivedDataCache/Boot.ddc
[2021.05.01-19.04.38:708][  0]LogDerivedDataCache: FDerivedDataBackendGraph:  Pak pak cache file E:/desktop/Game Building/Level Design/3V3 Shooter/3V3-Shooter/Multiplayer Asset Pack/FPSMultiplayer/DerivedDataCache/DDC.ddp not found, will not use a pak cache.
[2021.05.01-19.04.38:708][  0]LogDerivedDataCache: Unable to find inner node Pak for hierarchical cache Hierarchy.
[2021.05.01-19.04.38:709][  0]LogDerivedDataCache: FDerivedDataBackendGraph:  CompressedPak pak cache file E:/desktop/Game Building/Level Design/3V3 Shooter/3V3-Shooter/Multiplayer Asset Pack/FPSMultiplayer/DerivedDataCache/Compressed.ddp not found, will not use a pak cache.
[2021.05.01-19.04.38:709][  0]LogDerivedDataCache: Unable to find inner node CompressedPak for hierarchical cache Hierarchy.
[2021.05.01-19.04.38:716][  0]LogDerivedDataCache: Display: Pak cache opened for reading ../../../Engine/DerivedDataCache/Compressed.ddp.
[2021.05.01-19.04.38:716][  0]LogDerivedDataCache: FDerivedDataBackendGraph:  EnterprisePak pak cache file ../../../Enterprise/DerivedDataCache/Compressed.ddp not found, will not use a pak cache.
[2021.05.01-19.04.38:716][  0]LogDerivedDataCache: Unable to find inner node EnterprisePak for hierarchical cache Hierarchy.
[2021.05.01-19.04.38:717][  0]LogDerivedDataCache: Using Local data cache path C:/Users/kyle/AppData/Local/UnrealEngine/Common/DerivedDataCache: Writable
[2021.05.01-19.04.38:718][  0]LogDerivedDataCache: Shared data cache path not found in *engine.ini, will not use an Shared cache.
[2021.05.01-19.04.38:718][  0]LogDerivedDataCache: Unable to find inner node Shared for hierarchical cache Hierarchy.
[2021.05.01-19.04.38:752][  0]LogSlate: Using FreeType 2.10.0
[2021.05.01-19.04.38:771][  0]LogSlate: SlateFontServices - WITH_FREETYPE: 1, WITH_HARFBUZZ: 1
[2021.05.01-19.04.38:825][  0]LogAssetRegistry: FAssetRegistry took 0.0023 seconds to start up
[2021.05.01-19.04.38:990][  0]LogInit: Selected Device Profile: [Windows]
[2021.05.01-19.04.39:064][  0]LogMeshReduction: Using QuadricMeshReduction for automatic static mesh reduction
[2021.05.01-19.04.39:064][  0]LogMeshReduction: Using SimplygonMeshReduction for automatic skeletal mesh reduction
[2021.05.01-19.04.39:064][  0]LogMeshReduction: Using ProxyLODMeshReduction for automatic mesh merging
[2021.05.01-19.04.39:064][  0]LogMeshReduction: No distributed automatic mesh merging module available
[2021.05.01-19.04.39:064][  0]LogMeshMerging: No distributed automatic mesh merging module available
[2021.05.01-19.04.39:077][  0]LogNetVersion: FPSMultiplayer 1.0.0, NetCL: 13144385, EngineNetVer: 14, GameNetVer: 0 (Checksum: 3764664302)
[2021.05.01-19.04.40:466][  0]LogAISub: UAISubsystem::UAISubsystem AISubsystem (000001ACD261E980), frame # 0
[2021.05.01-19.04.40:466][  0]LogAISub: UAISubsystem::UAISubsystem AIPerceptionSystem (000001ACD24BBD80), frame # 0
[2021.05.01-19.04.40:467][  0]LogAISub: UAISubsystem::UAISubsystem EnvQueryManager (000001ACD2521C00), frame # 0
[2021.05.01-19.04.40:496][  0]LogPackageLocalizationCache: Processed 19 localized package path(s) for 1 prioritized culture(s) in 0.023430 seconds
[2021.05.01-19.04.40:499][  0]LogUObjectArray: 15925 objects as part of root set at end of initial load.
[2021.05.01-19.04.40:499][  0]LogUObjectAllocator: 3977056 out of 0 bytes used by permanent object pool.
[2021.05.01-19.04.40:499][  0]LogUObjectArray: CloseDisregardForGC: 0/0 objects in disregard for GC pool
[2021.05.01-19.04.40:723][  0]LogTcpMessaging: Initializing TcpMessaging bridge
[2021.05.01-19.04.40:726][  0]LogUdpMessaging: Initializing bridge on interface 0.0.0.0:0 to multicast group 230.0.0.1:6666.
[2021.05.01-19.04.40:773][  0]SourceControl: Source control is disabled
[2021.05.01-19.04.40:773][  0]SourceControl: Source control is disabled
[2021.05.01-19.04.40:775][  0]SourceControl: Source control is disabled
[2021.05.01-19.04.40:777][  0]SourceControl: Source control is disabled
[2021.05.01-19.04.40:781][  0]SourceControl: Source control is disabled
[2021.05.01-19.04.40:942][  0]LogAndroidPermission: UAndroidPermissionCallbackProxy::GetInstance
[2021.05.01-19.04.40:954][  0]LogAudioCaptureCore: Display: No Audio Capture implementations found. Audio input will be silent.
[2021.05.01-19.04.40:954][  0]LogAudioCaptureCore: Display: No Audio Capture implementations found. Audio input will be silent.
[2021.05.01-19.04.40:983][  0]LogOcInput: OculusInput pre-init called
[2021.05.01-19.04.40:990][  0]LogWindows: Failed to load 'OVRPlugin.dll' (GetLastError=126)
[2021.05.01-19.04.40:990][  0]LogWindows: File 'OVRPlugin.dll' does not exist
[2021.05.01-19.04.41:032][  0]LogEngine: Initializing Engine...
[2021.05.01-19.04.41:033][  0]LogHMD: Failed to initialize OpenVR with code 110
[2021.05.01-19.04.41:033][  0]LogMagicLeap: Warning: VR disabled because ZI is not enabled.  To enable, in the editor, Edit -> Project Settings -> Plugins -> Magic Leap Plugin -> Enable Zero Iteration
[2021.05.01-19.04.41:034][  0]LogStats: UGameplayTagsManager::InitializeManager -  0.000 s
[2021.05.01-19.04.41:112][  0]LogInit: Initializing FReadOnlyCVARCache
[2021.05.01-19.04.41:118][  0]LogAIModule: Creating AISystem for world Untitled
[2021.05.01-19.04.41:118][  0]LogAISub: UAISubsystem::UAISubsystem EnvQueryManager (000001ACD55BFC00), frame # 0
[2021.05.01-19.04.41:118][  0]LogAISub: UAISubsystem::UAISubsystem AIPerceptionSystem (000001ACD5624A40), frame # 0
[2021.05.01-19.04.41:132][  0]LogAudioMixer: Display: Audio Mixer Platform Settings:
[2021.05.01-19.04.41:132][  0]LogAudioMixer: Display: 	Sample Rate:						  48000
[2021.05.01-19.04.41:132][  0]LogAudioMixer: Display: 	Callback Buffer Frame Size Requested: 1024
[2021.05.01-19.04.41:132][  0]LogAudioMixer: Display: 	Callback Buffer Frame Size To Use:	  1024
[2021.05.01-19.04.41:132][  0]LogAudioMixer: Display: 	Number of buffers to queue:			  2
[2021.05.01-19.04.41:132][  0]LogAudioMixer: Display: 	Max Channels (voices):				  32
[2021.05.01-19.04.41:132][  0]LogAudioMixer: Display: 	Number of Async Source Workers:		  0
[2021.05.01-19.04.41:132][  0]LogAudio: Display: AudioDevice MaxSources: 32
[2021.05.01-19.04.41:133][  0]LogAudio: Display: Using built-in audio occlusion.
[2021.05.01-19.04.41:133][  0]LogAudioMixer: Display: Initializing audio mixer.
[2021.05.01-19.04.41:141][  0]LogAudioMixer: Display: 0: FrontLeft
[2021.05.01-19.04.41:141][  0]LogAudioMixer: Display: 1: FrontRight
[2021.05.01-19.04.41:178][  0]LogAudioMixer: Display: Using Audio Device Headphones (4- Arctis 7 Game)
[2021.05.01-19.04.41:181][  0]LogAudioMixer: Display: Initializing Sound Submixes...
[2021.05.01-19.04.41:183][  0]LogAudioMixer: Display: Creating Master Submix 'MasterSubmixDefault'
[2021.05.01-19.04.41:183][  0]LogAudioMixer: Display: Creating Master Submix 'MasterReverbSubmixDefault'
[2021.05.01-19.04.41:184][  0]LogAudioMixer: Display: Creating Master Submix 'MasterEQSubmixDefault'
[2021.05.01-19.04.41:184][  0]LogInit: FAudioDevice initialized.
[2021.05.01-19.04.41:184][  0]LogNetVersion: Set ProjectVersion to 3.3.1.0. Version Checksum will be recalculated on next use.
[2021.05.01-19.04.41:248][  0]LogDerivedDataCache: Saved boot cache 0.06s 76MB C:/Users/kyle/AppData/Local/UnrealEngine/4.25/DerivedDataCache/Boot.ddc.
[2021.05.01-19.04.41:249][  0]LogInit: Texture streaming: Enabled
[2021.05.01-19.04.41:263][  0]LogEngineSessionManager: EngineSessionManager initialized
[2021.05.01-19.04.41:264][  0]LogEditorSessionSummary: Verbose: Initializing EditorSessionSummaryWriter for editor session tracking
[2021.05.01-19.04.41:264][  0]LogEditorSessionSummary: EditorSessionSummaryWriter initialized
[2021.05.01-19.04.41:292][  0]LogInit: Transaction tracking system initialized
[2021.05.01-19.04.41:312][  0]BlueprintLog: New page: Editor Load
[2021.05.01-19.04.41:380][  0]LocalizationService: Localization service is disabled
[2021.05.01-19.04.41:502][  0]LogCook: Display: Max memory allowance for cook 16384mb min free memory 0mb
[2021.05.01-19.04.41:503][  0]LogCook: Display: Mobile HDR setting 1
[2021.05.01-19.04.41:593][  0]LogFileCache: Scanning file cache for directory 'E:/desktop/Game Building/Level Design/3V3 Shooter/3V3-Shooter/Multiplayer Asset Pack/FPSMultiplayer/Content/' took 0.02s
[2021.05.01-19.04.41:718][  0]SourceControl: Source control is disabled
[2021.05.01-19.04.41:718][  0]LogUnrealEdMisc: Loading editor; pre map load, took 5.817
[2021.05.01-19.04.41:718][  0]Cmd: MAP LOAD FILE="E:/desktop/Game Building/Level Design/3V3 Shooter/3V3-Shooter/Multiplayer Asset Pack/FPSMultiplayer/Content/FPS/Levels/Rush.umap" TEMPLATE=0 SHOWPROGRESS=1 FEATURELEVEL=3
[2021.05.01-19.04.41:718][  0]LightingResults: New page: Lighting Build
[2021.05.01-19.04.41:719][  0]LogWorld: UWorld::CleanupWorld for Untitled, bSessionEnded=true, bCleanupResources=true
[2021.05.01-19.04.41:719][  0]LogSlate: InvalidateAllWidgets triggered.  All widgets were invalidated
[2021.05.01-19.04.41:719][  0]MapCheck: New page: Map Check
[2021.05.01-19.04.41:719][  0]LightingResults: New page: Lighting Build
[2021.05.01-19.04.41:732][  0]LogAISub: UAISubsystem::~UAISubsystem EnvQueryManager (000001ACD55BFC00), frame # 0
[2021.05.01-19.04.41:732][  0]LogAISub: UAISubsystem::~UAISubsystem AIPerceptionSystem (000001ACD5624A40), frame # 0
[2021.05.01-19.04.41:733][  0]LogUObjectHash: Compacting FUObjectHashTables data took   0.57ms
[2021.05.01-19.04.44:501][  0]LogAIModule: Creating AISystem for world Rush
[2021.05.01-19.04.44:501][  0]LogAISub: UAISubsystem::UAISubsystem EnvQueryManager (000001ACC6AE6000), frame # 0
[2021.05.01-19.04.44:501][  0]LogAISub: UAISubsystem::UAISubsystem AIPerceptionSystem (000001ACCA3FE840), frame # 0
[2021.05.01-19.04.44:520][  0]LogEditorServer: Finished looking for orphan Actors (0.000 secs)
[2021.05.01-19.04.44:531][  0]LogNavigationDataBuild: Display:    Building NavData:  Name Default class /Script/NavigationSystem.RecastNavMesh agent radius 35.0.
[2021.05.01-19.04.44:579][  0]LogUObjectHash: Compacting FUObjectHashTables data took   2.37ms
[2021.05.01-19.04.44:580][  0]Cmd: MAP CHECKDEP NOCLEARLOG
[2021.05.01-19.04.44:580][  0]MapCheck: Map check complete: 0 Error(s), 0 Warning(s), took 0.17ms to complete.
[2021.05.01-19.04.44:580][  0]LogFileHelpers: Loading map 'Rush' took 2.862
[2021.05.01-19.04.44:581][  0]LogUnrealEdMisc: Total Editor Startup Time, took 8.680
[2021.05.01-19.04.44:678][  0]LogSlate: Updating window title bar state: overlay mode, drag disabled, window buttons hidden, title bar hidden
[2021.05.01-19.04.44:683][  0]LogSlate: Updating window title bar state: overlay mode, drag disabled, window buttons hidden, title bar hidden
[2021.05.01-19.04.44:687][  0]LogSlate: Updating window title bar state: overlay mode, drag disabled, window buttons hidden, title bar hidden
[2021.05.01-19.04.44:691][  0]LogSlate: Updating window title bar state: overlay mode, drag disabled, window buttons hidden, title bar hidden
[2021.05.01-19.04.44:695][  0]LogCollectionManager: Loaded 0 collections in 0.000730 seconds
[2021.05.01-19.04.44:712][  0]LogFileCache: Scanning file cache for directory 'E:/desktop/Game Building/Level Design/3V3 Shooter/3V3-Shooter/Multiplayer Asset Pack/FPSMultiplayer/Saved/Collections/' took 0.00s
[2021.05.01-19.04.44:712][  0]LogFileCache: Scanning file cache for directory 'E:/desktop/Game Building/Level Design/3V3 Shooter/3V3-Shooter/Multiplayer Asset Pack/FPSMultiplayer/Content/Developers/kyle/Collections/' took 0.00s
[2021.05.01-19.04.44:712][  0]LogFileCache: Scanning file cache for directory 'E:/desktop/Game Building/Level Design/3V3 Shooter/3V3-Shooter/Multiplayer Asset Pack/FPSMultiplayer/Content/Collections/' took 0.00s
[2021.05.01-19.04.44:712][  0]LogContentBrowser: Native class hierarchy populated in 0.0066 seconds. Added 3430 classes and 825 folders.
[2021.05.01-19.04.44:715][  0]LogContentBrowser: Native class hierarchy updated for 'WidgetCarousel' in 0.0002 seconds. Added 0 classes and 0 folders.
[2021.05.01-19.04.44:822][  0]LogContentBrowser: Native class hierarchy updated for 'AddContentDialog' in 0.0003 seconds. Added 0 classes and 0 folders.
[2021.05.01-19.04.44:823][  0]LogContentBrowser: Native class hierarchy updated for 'SceneOutliner' in 0.0002 seconds. Added 2 classes and 0 folders.
[2021.05.01-19.04.44:848][  0]LogSlate: Took 0.000159 seconds to synchronously load lazily loaded font '../../../Engine/Content/Slate/Fonts/Roboto-Regular.ttf' (155K)
[2021.05.01-19.04.44:849][  0]LogSlate: Took 0.000112 seconds to synchronously load lazily loaded font '../../../Engine/Content/Slate/Fonts/Roboto-Bold.ttf' (160K)
[2021.05.01-19.04.44:853][  0]LogSlate: Took 0.000607 seconds to synchronously load lazily loaded font '../../../Engine/Content/Editor/Slate/Fonts/FontAwesome.ttf' (139K)
[2021.05.01-19.04.44:902][  0]LogRenderer: Reallocating scene render targets to support 1288x692 Format 10 NumSamples 1 (Frame:1).
[2021.05.01-19.04.44:981][  0]LogContentBrowser: Native class hierarchy updated for 'HierarchicalLODOutliner' in 0.0003 seconds. Added 0 classes and 0 folders.
[2021.05.01-19.04.44:981][  0]LogLoad: (Engine Initialization) Total time: 9.08 seconds
[2021.05.01-19.04.44:981][  0]LogLoad: (Engine Initialization) Total Blueprint compile time: 0.00 seconds
[2021.05.01-19.04.45:023][  0]LogAssetRegistry: Asset discovery search completed in 6.1987 seconds
[2021.05.01-19.04.45:026][  0]LogCollectionManager: Fixed up redirectors for 0 collections in 0.000002 seconds (updated 0 objects)
[2021.05.01-19.04.45:033][  0]LogContentStreaming: Texture pool size now 1000 MB
[2021.05.01-19.05.30:601][375]LogSlate: Took 0.000176 seconds to synchronously load lazily loaded font '../../../Engine/Content/Slate/Fonts/Roboto-Light.ttf' (167K)
[2021.05.01-19.05.30:628][375]LogLinker: Warning: While loading 'E:/desktop/Game Building/Level Design/3V3 Shooter/3V3-Shooter/Multiplayer Asset Pack/FPSMultiplayer/Content/FPS/Levels/MainLevel.umap' failed to load '/Game/FPS/Levels/MainLevel_BuiltData': Can't find file.
[2021.05.01-19.05.30:628][375]LogLinker: Warning: While loading 'E:/desktop/Game Building/Level Design/3V3 Shooter/3V3-Shooter/Multiplayer Asset Pack/FPSMultiplayer/Content/FPS/Levels/MainLevel.umap' failed to load '/Game/FPS/Levels/MainLevel_BuiltData': Can't find file.
[2021.05.01-19.05.30:630][375]LogLinker: Warning: While loading 'E:/desktop/Game Building/Level Design/3V3 Shooter/3V3-Shooter/Multiplayer Asset Pack/FPSMultiplayer/Content/FPS/Levels/MainLevel.umap' failed to load '/Game/FPS/Levels/MainLevel_BuiltData': Can't find file.
[2021.05.01-19.05.30:630][375]LogLinker: Warning: While loading 'E:/desktop/Game Building/Level Design/3V3 Shooter/3V3-Shooter/Multiplayer Asset Pack/FPSMultiplayer/Content/FPS/Levels/MainLevel.umap' failed to load '/Game/FPS/Levels/MainLevel_BuiltData': Can't find file.
[2021.05.01-19.05.30:637][375]LogLinker: Warning: Failed to load '/Game/FPS/Levels/MainLevel_BuiltData': Can't find file.
[2021.05.01-19.05.30:637][375]LogLinker: Warning: Failed to load '/Game/FPS/Levels/MainLevel_BuiltData': Can't find file.
[2021.05.01-19.05.30:637][375]LogLinker: Warning: Failed to load '/Game/FPS/Levels/MainLevel_BuiltData': Can't find file.
[2021.05.01-19.05.30:638][375]LogLinker: Warning: Failed to load '/Game/FPS/Levels/MainLevel_BuiltData': Can't find file.
[2021.05.01-19.05.30:730][375]LogLinker: Warning: While loading 'E:/desktop/Game Building/Level Design/3V3 Shooter/3V3-Shooter/Multiplayer Asset Pack/FPSMultiplayer/Content/FPS/Levels/MainLevel.umap' failed to load '/Game/FPS/Levels/MainLevel_BuiltData': Can't find file.
[2021.05.01-19.05.30:730][375]LoadErrors: Failed to load /Game/FPS/Levels/MainLevel_BuiltData.MainLevel_BuiltData Referenced by PersistentLevel
[2021.05.01-19.05.30:730][375]LogLinker: Warning: While loading 'E:/desktop/Game Building/Level Design/3V3 Shooter/3V3-Shooter/Multiplayer Asset Pack/FPSMultiplayer/Content/FPS/Levels/MainLevel.umap' failed to load '/Game/FPS/Levels/MainLevel_BuiltData': Can't find file.
[2021.05.01-19.05.30:927][375]LogAssetEditorSubsystem: Opening Asset editor for World /Game/FPS/Levels/MainLevel.MainLevel
[2021.05.01-19.05.30:941][375]LogUObjectHash: Compacting FUObjectHashTables data took   1.28ms
[2021.05.01-19.05.30:944][375]Cmd: MAP LOAD FILE="E:/desktop/Game Building/Level Design/3V3 Shooter/3V3-Shooter/Multiplayer Asset Pack/FPSMultiplayer/Content/FPS/Levels/MainLevel.umap" TEMPLATE=0 SHOWPROGRESS=1 FEATURELEVEL=3
[2021.05.01-19.05.30:944][375]LightingResults: New page: Lighting Build
[2021.05.01-19.05.30:944][375]LoadErrors: New page: Loading map: MainLevel.umap
[2021.05.01-19.05.30:983][375]LogWorld: UWorld::CleanupWorld for Rush, bSessionEnded=true, bCleanupResources=true
[2021.05.01-19.05.30:983][375]LogSlate: InvalidateAllWidgets triggered.  All widgets were invalidated
[2021.05.01-19.05.30:984][375]MapCheck: New page: Map Check
[2021.05.01-19.05.30:984][375]LightingResults: New page: Lighting Build
[2021.05.01-19.05.30:998][375]LogAISub: UAISubsystem::~UAISubsystem EnvQueryManager (000001ACC6AE6000), frame # 5375
[2021.05.01-19.05.30:998][375]LogAISub: UAISubsystem::~UAISubsystem AIPerceptionSystem (000001ACCA3FE840), frame # 5375
[2021.05.01-19.05.30:999][375]LogUObjectHash: Compacting FUObjectHashTables data took   1.10ms
[2021.05.01-19.05.31:045][375]LogEditorServer: Finished looking for orphan Actors (0.000 secs)
[2021.05.01-19.05.31:045][375]LogAIModule: Creating AISystem for world MainLevel
[2021.05.01-19.05.31:045][375]LogAISub: UAISubsystem::UAISubsystem EnvQueryManager (000001AD0AED6000), frame # 5375
[2021.05.01-19.05.31:045][375]LogAISub: UAISubsystem::UAISubsystem AIPerceptionSystem (000001AD0AB720C0), frame # 5375
[2021.05.01-19.05.31:060][375]LogUObjectHash: Compacting FUObjectHashTables data took   1.13ms
[2021.05.01-19.05.31:072][375]Cmd: MAP CHECKDEP NOCLEARLOG
[2021.05.01-19.05.31:072][375]MapCheck: Map check complete: 0 Error(s), 0 Warning(s), took 0.081ms to complete.
[2021.05.01-19.05.31:072][375]LogFileHelpers: Loading map 'MainLevel' took 0.128
[2021.05.01-19.05.44:553][905]LogSavePackage: Moving 'E:/desktop/Game Building/Level Design/3V3 Shooter/3V3-Shooter/Multiplayer Asset Pack/FPSMultiplayer/Saved/MainLevel_BuiltData877B5D0E42FB8AAFB4E0FB8BEC5A8033.tmp' to 'E:/desktop/Game Building/Level Design/3V3 Shooter/3V3-Shooter/Multiplayer Asset Pack/FPSMultiplayer/Content/FPS/Levels/MainLevel_BuiltData.uasset'
[2021.05.01-19.05.44:645][905]LogUObjectHash: Compacting FUObjectHashTables data took   0.50ms
[2021.05.01-19.05.44:661][905]LogUObjectHash: Compacting FUObjectHashTables data took   1.04ms
[2021.05.01-19.05.44:671][905]LogUObjectHash: Compacting FUObjectHashTables data took   0.41ms
[2021.05.01-19.05.44:795][905]AssetCheck: New page: Asset Save: MainLevel_BuiltData
[2021.05.01-19.05.44:795][905]LogContentValidation: Display: Validating MapBuildDataRegistry /Game/FPS/Levels/MainLevel_BuiltData.MainLevel_BuiltData
[2021.05.01-19.05.50:141][517]LogAssetEditorSubsystem: Opening Asset editor for World /Game/FPS/Levels/MainLevel.MainLevel
[2021.05.01-19.05.50:150][517]LogUObjectHash: Compacting FUObjectHashTables data took   0.43ms
[2021.05.01-19.05.50:152][517]Cmd: MAP LOAD FILE="E:/desktop/Game Building/Level Design/3V3 Shooter/3V3-Shooter/Multiplayer Asset Pack/FPSMultiplayer/Content/FPS/Levels/MainLevel.umap" TEMPLATE=0 SHOWPROGRESS=1 FEATURELEVEL=3
[2021.05.01-19.05.50:152][517]LightingResults: New page: Lighting Build
[2021.05.01-19.05.50:152][517]LoadErrors: New page: Loading map: MainLevel.umap
[2021.05.01-19.05.50:158][517]LogWorld: UWorld::CleanupWorld for MainLevel, bSessionEnded=true, bCleanupResources=true
[2021.05.01-19.05.50:158][517]LogSlate: InvalidateAllWidgets triggered.  All widgets were invalidated
[2021.05.01-19.05.50:158][517]MapCheck: New page: Map Check
[2021.05.01-19.05.50:158][517]LightingResults: New page: Lighting Build
[2021.05.01-19.05.50:168][517]LogAISub: UAISubsystem::~UAISubsystem AIPerceptionSystem (000001AD0AB720C0), frame # 7517
[2021.05.01-19.05.50:168][517]LogAISub: UAISubsystem::~UAISubsystem EnvQueryManager (000001AD0AED6000), frame # 7517
[2021.05.01-19.05.50:171][517]LogUObjectHash: Compacting FUObjectHashTables data took   1.22ms
[2021.05.01-19.05.50:210][517]LogAIModule: Creating AISystem for world MainLevel
[2021.05.01-19.05.50:210][517]LogAISub: UAISubsystem::UAISubsystem EnvQueryManager (000001AD0AED6800), frame # 7517
[2021.05.01-19.05.50:210][517]LogAISub: UAISubsystem::UAISubsystem AIPerceptionSystem (000001AD0AA09800), frame # 7517
[2021.05.01-19.05.50:260][517]LogEditorServer: Finished looking for orphan Actors (0.000 secs)
[2021.05.01-19.05.50:274][517]LogUObjectHash: Compacting FUObjectHashTables data took   1.04ms
[2021.05.01-19.05.50:287][517]Cmd: MAP CHECKDEP NOCLEARLOG
[2021.05.01-19.05.50:287][517]MapCheck: Map check complete: 0 Error(s), 0 Warning(s), took 0.108ms to complete.
[2021.05.01-19.05.50:287][517]LogFileHelpers: Loading map 'MainLevel' took 0.135
[2021.05.01-19.06.00:295][699]MapCheck: New page: Map Check
[2021.05.01-19.06.00:305][699]Cmd: MAP REBUILD ALLVISIBLE
[2021.05.01-19.06.00:305][699]LogEditorServer: Rebuildmap Clear paths rebuilt
[2021.05.01-19.06.00:446][699]LogWorld: UWorld::CleanupWorld for MainLevel, bSessionEnded=true, bCleanupResources=false
[2021.05.01-19.06.00:541][699]LightingResults: New page: Lighting Build - May 1, 2021, 11:06:00 AM
[2021.05.01-19.06.00:571][699]LogSwarmInterface: [OpenConnection] Registering TCP channel ...
[2021.05.01-19.06.00:604][699]LogSwarmInterface: [OpenConnection] Connecting to agent ...
[2021.05.01-19.06.00:612][699]LogSwarmInterface: [TryOpenConnection] Testing the Agent
[2021.05.01-19.06.01:129][699]LogSwarmInterface: [TryOpenConnection] Opening Connection to Agent
[2021.05.01-19.06.01:129][699]LogSwarmInterface: [TryOpenConnection] Local Process ID is 22800
[2021.05.01-19.06.03:323][699]LogStaticLightingSystem: Running Lightmass w/ ImmediateImport mode ENABLED
[2021.05.01-19.06.03:323][699]LogStaticLightingSystem: Running Lightmass w/ ImmediateProcess mode ENABLED
[2021.05.01-19.06.03:323][699]LogStaticLightingSystem: Running Lightmass w/ Sorting mode ENABLED
[2021.05.01-19.06.03:323][699]LogStaticLightingSystem: Running Lightmass w/ Mapping paddings ENABLED
[2021.05.01-19.06.03:323][699]LogStaticLightingSystem: Running Lightmass w/ Mapping debug paddings DISABLED
[2021.05.01-19.06.03:466][699]LogEditorBuildUtils: Build time 0:03
[2021.05.01-19.06.03:536][700]LogUObjectHash: Compacting FUObjectHashTables data took   1.10ms
[2021.05.01-19.06.09:810][233]Job is a success!
[2021.05.01-19.06.09:994][234]LogVolumetricLightmapImport: Imported Volumetric Lightmap in 0.042s
[2021.05.01-19.06.09:994][234]LogVolumetricLightmapImport:      Indirection Texture 32x32x16 = 0.1Mb
[2021.05.01-19.06.09:994][234]LogVolumetricLightmapImport:      BrickData (all levels) 2.3Mb (trimmed 0.0Mb due to 0.010000 MinBrickError)
[2021.05.01-19.06.09:994][234]LogVolumetricLightmapImport:      Bricks at depth
[2021.05.01-19.06.09:994][234]LogVolumetricLightmapImport:          0: 0.8% covering 100.0% of volume
[2021.05.01-19.06.09:994][234]LogVolumetricLightmapImport:          1: 6.5% covering 12.1% of volume
[2021.05.01-19.06.09:994][234]LogVolumetricLightmapImport:          2: 92.6% covering 2.7% of volume
[2021.05.01-19.06.09:994][234]LogVolumetricLightmapImport:      Bricks in each level
[2021.05.01-19.06.09:994][234]LogVolumetricLightmapImport:          MainLevel 			 475 bricks 	 100.0% (Persistent Level)
[2021.05.01-19.06.10:657][234]LogTexture: Display: Building textures: HQ_Lightmap1_1 (AutoDXT, 1024X1024)
[2021.05.01-19.06.10:657][234]LogTexture: Display: Building textures: LQ_Lightmap_1_1 (DXT1, 1024X1024)
[2021.05.01-19.06.10:657][234]LogTexture: Display: Building textures: HQ_Lightmap1_2 (AutoDXT, 512X512)
[2021.05.01-19.06.10:657][234]LogTexture: Display: Building textures: LQ_Lightmap_1_2 (DXT1, 512X512)
[2021.05.01-19.06.10:657][234]LogTexture: Display: Building textures: HQ_Lightmap1_3 (AutoDXT, 256X256)
[2021.05.01-19.06.10:657][234]LogTexture: Display: Building textures: LQ_Lightmap_1_3 (DXT1, 256X256)
[2021.05.01-19.06.10:657][234]LogTexture: Display: Building textures: HQ_Lightmap1_4 (AutoDXT, 1024X1024)
[2021.05.01-19.06.10:657][234]LogTexture: Display: Building textures: LQ_Lightmap_1_4 (DXT1, 1024X1024)
[2021.05.01-19.06.10:657][234]LogTexture: Display: Building textures: HQ_Lightmap1_5 (AutoDXT, 1024X1024)
[2021.05.01-19.06.10:657][234]LogTexture: Display: Building textures: LQ_Lightmap_1_5 (DXT1, 1024X1024)
[2021.05.01-19.06.10:657][234]LogTexture: Display: Building textures: HQ_Lightmap1_6 (AutoDXT, 1024X1024)
[2021.05.01-19.06.10:657][234]LogTexture: Display: Building textures: LQ_Lightmap_1_6 (DXT1, 1024X1024)
[2021.05.01-19.06.10:657][234]LogTexture: Display: Building textures: HQ_Lightmap0_7 (AutoDXT, 64X64)
[2021.05.01-19.06.10:657][234]LogTexture: Display: Building textures: LQ_Lightmap_0_7 (DXT1, 64X64)
[2021.05.01-19.06.10:827][234]LogTexture: Display: Building textures: ShadowMapTexture2D_3 (G8, 32X32)
[2021.05.01-19.06.10:828][234]LogTexture: Display: Building textures: ShadowMapTexture2D_2 (G8, 128X128)
[2021.05.01-19.06.10:828][234]LogTexture: Display: Building textures: ShadowMapTexture2D_1 (G8, 256X256)
[2021.05.01-19.06.10:828][234]LogTexture: Display: Building textures: ShadowMapTexture2D_0 (G8, 1024X1024)
[2021.05.01-19.06.10:830][234]Lightmass on DESKTOP-RBTKJ0E: 6.81 sec total, 162 ms importing, 121 ms setup, 1.18 sec photons, 5.29 sec processing, 0 ms extra exporting [918/918 mappings]. Threads: 1:19 min total, 40.2 sec processing.
[2021.05.01-19.06.10:830][234]LogStaticLightingSystem: MainLevel_BuiltData storing lightmap data for 404 meshes in 12 LightmapResourceClusters (33.7 Meshes per cluster).
[2021.05.01-19.06.10:852][234]LogUObjectHash: Compacting FUObjectHashTables data took   1.12ms
[2021.05.01-19.06.10:881][234]LogStaticLightingSystem: Illumination: 10.3 sec (497 ms encoding lightmaps, 126 ms encoding shadowmaps)
[2021.05.01-19.06.10:882][234]LogStaticLightingSystem: Lightmap texture memory:  8.6 MB (8.1 MB streaming, 0.5 MB non-streaming), 14 textures
[2021.05.01-19.06.10:882][234]LogStaticLightingSystem: Shadowmap texture memory: 1.4 MB (1.4 MB streaming, 0.1 MB non-streaming), 4 textures
[2021.05.01-19.06.11:330][234]DumpUnbuiltLightIteractions
[2021.05.01-19.06.11:330][234]Lights with unbuilt interactions: 0
[2021.05.01-19.06.11:330][234]
[2021.05.01-19.06.11:330][234]Primitives with unbuilt interactions: 0
[2021.05.01-19.06.11:371][235]Cmd: MAP CHECK NOTIFYRESULTS
[2021.05.01-19.06.11:371][235]MapCheck: New page: MainLevel - May 1, 2021, 11:06:11 AM
[2021.05.01-19.06.11:373][235]MapCheck: Map check complete: 0 Error(s), 0 Warning(s), took 2.161ms to complete.
[2021.05.01-19.06.20:306][298]LogUObjectHash: Compacting FUObjectHashTables data took   1.01ms
[2021.05.01-19.06.20:328][298]LogUObjectHash: Compacting FUObjectHashTables data took   0.43ms
[2021.05.01-19.06.20:454][298]LogSavePackage: Moving 'E:/desktop/Game Building/Level Design/3V3 Shooter/3V3-Shooter/Multiplayer Asset Pack/FPSMultiplayer/Saved/MainLevelE7D7CD2046718AA32AA6C1B549386103.tmp' to 'E:/desktop/Game Building/Level Design/3V3 Shooter/3V3-Shooter/Multiplayer Asset Pack/FPSMultiplayer/Content/FPS/Levels/MainLevel.umap'
[2021.05.01-19.06.20:466][298]LogFileHelpers: Saving map 'MainLevel' took 0.148
[2021.05.01-19.06.20:598][298]LogSavePackage: Moving 'E:/desktop/Game Building/Level Design/3V3 Shooter/3V3-Shooter/Multiplayer Asset Pack/FPSMultiplayer/Saved/MainLevel_BuiltData05CC1C4B4121DE5869AB4FA289B9D727.tmp' to 'E:/desktop/Game Building/Level Design/3V3 Shooter/3V3-Shooter/Multiplayer Asset Pack/FPSMultiplayer/Content/FPS/Levels/MainLevel_BuiltData.uasset'
[2021.05.01-19.06.20:736][298]LogSavePackage: Moving 'E:/desktop/Game Building/Level Design/3V3 Shooter/3V3-Shooter/Multiplayer Asset Pack/FPSMultiplayer/Saved/MainLevel_BuiltData772C296A47DBCC37A68DA09A7AA3CF80.tmp' to 'E:/desktop/Game Building/Level Design/3V3 Shooter/3V3-Shooter/Multiplayer Asset Pack/FPSMultiplayer/Content/FPS/Levels/MainLevel_BuiltData.uasset'
[2021.05.01-19.06.20:749][298]AssetCheck: New page: Asset Save: multiple assets
[2021.05.01-19.06.20:749][298]LogContentValidation: Display: Validating World /Game/FPS/Levels/MainLevel.MainLevel
[2021.05.01-19.06.20:749][298]LogContentValidation: Display: Validating MapBuildDataRegistry /Game/FPS/Levels/MainLevel_BuiltData.MainLevel_BuiltData
